ISim log file
Running: C:\Programas_Lab_E6\Pruebas_FuncionamientoFPGA_JDP\pruebas_uart\simulacion_isim_beh.exe -intstyle ise -gui -tclbatch isim.cmd -wdb C:/Programas_Lab_E6/Pruebas_FuncionamientoFPGA_JDP/pruebas_uart/simulacion_isim_beh.wdb 
ISim P.20131013 (signature 0x7708f090)
WARNING: A WEBPACK license was found.
WARNING: Please use Xilinx License Configuration Manager to check out a full ISim license.
WARNING: ISim will run in Lite mode. Please refer to the ISim documentation for more information on the differences between the Lite and the Full version.
This is a Lite version of ISim.
Time resolution is 1 ps
# onerror resume
# wave add /
# run 1000 ns
Simulator is doing circuit initialization process.
Finished circuit initialization process.
# run 1.00us
# run 1.00us
# run 1.00us
# run 1.00us
# run 1.00us
# run 1.00us
# run 1.00us
# run 1.00us
# run all
Stopped at time : 49043130 ns : File "C:/Programas_Lab_E6/Pruebas_FuncionamientoFPGA_JDP/pruebas_uart/simulacion.vhd" Line 70
