Release 14.7 - xst P.20131013 (nt64)
Copyright (c) 1995-2013 Xilinx, Inc.  All rights reserved.
--> Parameter TMPDIR set to xst/projnav.tmp


Total REAL time to Xst completion: 0.00 secs
Total CPU time to Xst completion: 0.12 secs
 
--> Parameter xsthdpdir set to xst


Total REAL time to Xst completion: 0.00 secs
Total CPU time to Xst completion: 0.12 secs
 
--> Reading design: uart_tx.prj

TABLE OF CONTENTS
  1) Synthesis Options Summary
  2) HDL Compilation
  3) Design Hierarchy Analysis
  4) HDL Analysis
  5) HDL Synthesis
     5.1) HDL Synthesis Report
  6) Advanced HDL Synthesis
     6.1) Advanced HDL Synthesis Report
  7) Low Level Synthesis
  8) Partition Report
  9) Final Report
	9.1) Device utilization summary
	9.2) Partition Resource Summary
	9.3) TIMING REPORT


=========================================================================
*                      Synthesis Options Summary                        *
=========================================================================
---- Source Parameters
Input File Name                    : "uart_tx.prj"
Input Format                       : mixed
Ignore Synthesis Constraint File   : NO

---- Target Parameters
Output File Name                   : "uart_tx"
Output Format                      : NGC
Target Device                      : xc3s50a-5-tq144

---- Source Options
Top Module Name                    : uart_tx
Automatic FSM Extraction           : YES
FSM Encoding Algorithm             : Auto
Safe Implementation                : No
FSM Style                          : LUT
RAM Extraction                     : Yes
RAM Style                          : Auto
ROM Extraction                     : Yes
Mux Style                          : Auto
Decoder Extraction                 : YES
Priority Encoder Extraction        : Yes
Shift Register Extraction          : YES
Logical Shifter Extraction         : YES
XOR Collapsing                     : YES
ROM Style                          : Auto
Mux Extraction                     : Yes
Resource Sharing                   : YES
Asynchronous To Synchronous        : NO
Multiplier Style                   : Auto
Automatic Register Balancing       : No

---- Target Options
Add IO Buffers                     : YES
Global Maximum Fanout              : 100000
Add Generic Clock Buffer(BUFG)     : 24
Register Duplication               : YES
Slice Packing                      : YES
Optimize Instantiated Primitives   : NO
Use Clock Enable                   : Yes
Use Synchronous Set                : Yes
Use Synchronous Reset              : Yes
Pack IO Registers into IOBs        : Auto
Equivalent register Removal        : YES

---- General Options
Optimization Goal                  : Speed
Optimization Effort                : 1
Keep Hierarchy                     : No
Netlist Hierarchy                  : As_Optimized
RTL Output                         : Yes
Global Optimization                : AllClockNets
Read Cores                         : YES
Write Timing Constraints           : NO
Cross Clock Analysis               : NO
Hierarchy Separator                : /
Bus Delimiter                      : <>
Case Specifier                     : Maintain
Slice Utilization Ratio            : 100
BRAM Utilization Ratio             : 100
Verilog 2001                       : YES
Auto BRAM Packing                  : NO
Slice Utilization Ratio Delta      : 5

=========================================================================


=========================================================================
*                          HDL Compilation                              *
=========================================================================
Compiling vhdl file "C:/Programas_Lab_E6/UART_TX_RX/uart_tx.vhd" in Library work.
Entity <uart_tx> compiled.
Entity <uart_tx> (Architecture <Behavioral>) compiled.

=========================================================================
*                     Design Hierarchy Analysis                         *
=========================================================================
Analyzing hierarchy for entity <uart_tx> in library <work> (architecture <Behavioral>) with generics.
	BaudRate = 115200
	Bits_data = 8
	HZ_reloj = 12000000
	tiempo_bit = 104


=========================================================================
*                            HDL Analysis                               *
=========================================================================
Analyzing generic Entity <uart_tx> in library <work> (Architecture <Behavioral>).
	BaudRate = 115200
	Bits_data = 8
	HZ_reloj = 12000000
	tiempo_bit = 104
Entity <uart_tx> analyzed. Unit <uart_tx> generated.


=========================================================================
*                           HDL Synthesis                               *
=========================================================================

Performing bidirectional port resolution...

Synthesizing Unit <uart_tx>.
    Related source file is "C:/Programas_Lab_E6/UART_TX_RX/uart_tx.vhd".
    Found finite state machine <FSM_0> for signal <estado>.
    -----------------------------------------------------------------------
    | States             | 4                                              |
    | Transitions        | 9                                              |
    | Inputs             | 3                                              |
    | Outputs            | 5                                              |
    | Clock              | Clk                       (rising_edge)        |
    | Power Up State     | idle                                           |
    | Encoding           | automatic                                      |
    | Implementation     | LUT                                            |
    -----------------------------------------------------------------------
    Found 1-bit register for signal <IO_P1>.
    Found 1-bit register for signal <IO_P2>.
    Found 8-bit register for signal <LED>.
    Found 7-bit register for signal <conteo>.
    Found 7-bit adder for signal <conteo$addsub0000>.
    Found 7-bit comparator less for signal <estado$cmp_lt0000> created at line 52.
    Found 3-bit comparator less for signal <estado$cmp_lt0001> created at line 66.
    Found 3-bit register for signal <indice>.
    Found 3-bit adder for signal <indice$addsub0000> created at line 67.
    Found 8-bit register for signal <puente>.
    Summary:
	inferred   1 Finite State Machine(s).
	inferred  28 D-type flip-flop(s).
	inferred   2 Adder/Subtractor(s).
	inferred   2 Comparator(s).
Unit <uart_tx> synthesized.

INFO:Xst:1767 - HDL ADVISOR - Resource sharing has identified that some arithmetic operations in this design can share the same physical resources for reduced device utilization. For improved clock frequency you may try to disable resource sharing.

=========================================================================
HDL Synthesis Report

Macro Statistics
# Adders/Subtractors                                   : 2
 3-bit adder                                           : 1
 7-bit adder                                           : 1
# Registers                                            : 6
 1-bit register                                        : 2
 3-bit register                                        : 1
 7-bit register                                        : 1
 8-bit register                                        : 2
# Comparators                                          : 2
 3-bit comparator less                                 : 1
 7-bit comparator less                                 : 1

=========================================================================

=========================================================================
*                       Advanced HDL Synthesis                          *
=========================================================================

Analyzing FSM <FSM_0> for best encoding.
Optimizing FSM <estado/FSM> on signal <estado[1:2]> with gray encoding.
-------------------
 State | Encoding
-------------------
 idle  | 00
 data  | 11
 start | 01
 stop  | 10
-------------------

=========================================================================
Advanced HDL Synthesis Report

Macro Statistics
# FSMs                                                 : 1
# Adders/Subtractors                                   : 2
 3-bit adder                                           : 1
 7-bit adder                                           : 1
# Registers                                            : 28
 Flip-Flops                                            : 28
# Comparators                                          : 2
 3-bit comparator less                                 : 1
 7-bit comparator less                                 : 1

=========================================================================

=========================================================================
*                         Low Level Synthesis                           *
=========================================================================

Optimizing unit <uart_tx> ...

Mapping all equations...
Building and optimizing final netlist ...
Found area constraint ratio of 100 (+ 5) on block uart_tx, actual ratio is 3.

Final Macro Processing ...

=========================================================================
Final Register Report

Macro Statistics
# Registers                                            : 30
 Flip-Flops                                            : 30

=========================================================================

=========================================================================
*                           Partition Report                            *
=========================================================================

Partition Implementation Status
-------------------------------

  No Partitions were found in this design.

-------------------------------

=========================================================================
*                            Final Report                               *
=========================================================================
Final Results
RTL Top Level Output File Name     : uart_tx.ngr
Top Level Output File Name         : uart_tx
Output Format                      : NGC
Optimization Goal                  : Speed
Keep Hierarchy                     : No

Design Statistics
# IOs                              : 20

Cell Usage :
# BELS                             : 51
#      LUT2                        : 11
#      LUT2_L                      : 2
#      LUT3                        : 5
#      LUT3_L                      : 4
#      LUT4                        : 22
#      LUT4_D                      : 2
#      LUT4_L                      : 1
#      MUXF5                       : 4
# FlipFlops/Latches                : 30
#      FD                          : 13
#      FDE                         : 16
#      FDR                         : 1
# Clock Buffers                    : 1
#      BUFGP                       : 1
# IO Buffers                       : 19
#      IBUF                        : 9
#      OBUF                        : 10
=========================================================================

Device utilization summary:
---------------------------

Selected Device : 3s50atq144-5 

 Number of Slices:                       26  out of    704     3%  
 Number of Slice Flip Flops:             30  out of   1408     2%  
 Number of 4 input LUTs:                 47  out of   1408     3%  
 Number of IOs:                          20
 Number of bonded IOBs:                  20  out of    108    18%  
 Number of GCLKs:                         1  out of     24     4%  

---------------------------
Partition Resource Summary:
---------------------------

  No Partitions were found in this design.

---------------------------


=========================================================================
TIMING REPORT

NOTE: THESE TIMING NUMBERS ARE ONLY A SYNTHESIS ESTIMATE.
      FOR ACCURATE TIMING INFORMATION PLEASE REFER TO THE TRACE REPORT
      GENERATED AFTER PLACE-and-ROUTE.

Clock Information:
------------------
-----------------------------------+------------------------+-------+
Clock Signal                       | Clock buffer(FF name)  | Load  |
-----------------------------------+------------------------+-------+
Clk                                | BUFGP                  | 30    |
-----------------------------------+------------------------+-------+

Asynchronous Control Signals Information:
----------------------------------------
No asynchronous control signals found in this design

Timing Summary:
---------------
Speed Grade: -5

   Minimum period: 4.686ns (Maximum Frequency: 213.415MHz)
   Minimum input arrival time before clock: 3.340ns
   Maximum output required time after clock: 5.342ns
   Maximum combinational path delay: No path found

Timing Detail:
--------------
All values displayed in nanoseconds (ns)

=========================================================================
Timing constraint: Default period analysis for Clock 'Clk'
  Clock period: 4.686ns (frequency: 213.415MHz)
  Total number of paths / destination ports: 248 / 39
-------------------------------------------------------------------------
Delay:               4.686ns (Levels of Logic = 3)
  Source:            estado_FSM_FFd2 (FF)
  Destination:       conteo_1 (FF)
  Source Clock:      Clk rising
  Destination Clock: Clk rising

  Data Path: estado_FSM_FFd2 to conteo_1
                                Gate     Net
    Cell:in->out      fanout   Delay   Delay  Logical Name (Net Name)
    ----------------------------------------  ------------
     FD:C->Q              16   0.495   0.987  estado_FSM_FFd2 (estado_FSM_FFd2)
     LUT2:I0->O            9   0.561   0.699  estado_FSM_Out01 (estado_cmp_eq0000)
     LUT4:I3->O            7   0.561   0.625  conteo_mux0000<0>11 (N2)
     LUT3:I2->O            1   0.561   0.000  conteo_mux0000<5>1 (conteo_mux0000<5>)
     FD:D                      0.197          conteo_1
    ----------------------------------------
    Total                      4.686ns (2.375ns logic, 2.311ns route)
                                       (50.7% logic, 49.3% route)

=========================================================================
Timing constraint: Default OFFSET IN BEFORE for Clock 'Clk'
  Total number of paths / destination ports: 25 / 17
-------------------------------------------------------------------------
Offset:              3.340ns (Levels of Logic = 3)
  Source:            Switch (PAD)
  Destination:       estado_FSM_FFd2 (FF)
  Destination Clock: Clk rising

  Data Path: Switch to estado_FSM_FFd2
                                Gate     Net
    Cell:in->out      fanout   Delay   Delay  Logical Name (Net Name)
    ----------------------------------------  ------------
     IBUF:I->O            10   0.824   0.816  Switch_IBUF (Switch_IBUF)
     LUT2:I1->O            1   0.562   0.380  estado_FSM_FFd2-In_SW0 (N4)
     LUT4:I2->O            1   0.561   0.000  estado_FSM_FFd2-In (estado_FSM_FFd2-In)
     FD:D                      0.197          estado_FSM_FFd2
    ----------------------------------------
    Total                      3.340ns (2.144ns logic, 1.196ns route)
                                       (64.2% logic, 35.8% route)

=========================================================================
Timing constraint: Default OFFSET OUT AFTER for Clock 'Clk'
  Total number of paths / destination ports: 10 / 10
-------------------------------------------------------------------------
Offset:              5.342ns (Levels of Logic = 1)
  Source:            IO_P2 (FF)
  Destination:       IO_P2 (PAD)
  Source Clock:      Clk rising

  Data Path: IO_P2 to IO_P2
                                Gate     Net
    Cell:in->out      fanout   Delay   Delay  Logical Name (Net Name)
    ----------------------------------------  ------------
     FD:C->Q               3   0.495   0.451  IO_P2 (IO_P2_OBUF)
     OBUF:I->O                 4.396          IO_P2_OBUF (IO_P2)
    ----------------------------------------
    Total                      5.342ns (4.891ns logic, 0.451ns route)
                                       (91.6% logic, 8.4% route)

=========================================================================


Total REAL time to Xst completion: 5.00 secs
Total CPU time to Xst completion: 4.67 secs
 
--> 

Total memory usage is 4513344 kilobytes

Number of errors   :    0 (   0 filtered)
Number of warnings :    0 (   0 filtered)
Number of infos    :    1 (   0 filtered)

