Running: C:\Xilinx\14.7\ISE_DS\ISE\bin\nt64\unwrapped\fuse.exe -intstyle ise -incremental -o C:/Programas_Lab_E6/UART/prueba_isim_beh.exe -prj C:/Programas_Lab_E6/UART/prueba_beh.prj work.prueba 
ISim P.20131013 (signature 0x7708f090)
Number of CPUs detected in this system: 4
Turning on mult-threading, number of parallel sub-compilation jobs: 8 
Determining compilation order of HDL files
Parsing VHDL file "C:/Programas_Lab_E6/UART/mod_PS.vhd" into library work
Parsing VHDL file "C:/Programas_Lab_E6/UART/prueba.vhd" into library work
Starting static elaboration
Completed static elaboration
Compiling package standard
Compiling package std_logic_1164
Compiling package std_logic_arith
Compiling package std_logic_unsigned
Compiling package numeric_std
Compiling architecture behavioral of entity mod_PS [mod_ps_default]
Compiling architecture behavior of entity prueba
Time Resolution for simulation is 1ps.
Waiting for 1 sub-compilation(s) to finish...
Compiled 8 VHDL Units
Built simulation executable C:/Programas_Lab_E6/UART/prueba_isim_beh.exe
Fuse Memory Usage: 37284 KB
Fuse CPU Usage: 608 ms
